[2024-04-30 20:21:50] local.INFO: array (
  'itemsPerPage' => '-1',
)  
[2024-04-30 20:21:51] local.INFO: %%  
[2024-04-30 20:22:11] local.INFO: %%  
[2024-04-30 20:23:35] local.INFO: array (
  'itemsPerPage' => '-1',
)  
[2024-04-30 20:23:36] local.INFO: %%  
[2024-04-30 20:24:00] local.INFO: array (
  'itemsPerPage' => '-1',
)  
[2024-04-30 20:24:01] local.INFO: %%  
[2024-04-30 20:24:24] local.INFO: %%  
[2024-04-30 20:25:19] local.INFO: %%  
[2024-04-30 20:25:19] local.ERROR: SQLSTATE[42S22]: Column not found: 1054 Unknown column 'user.name' in 'field list' (Connection: mysql, SQL: select `history_change`.*, `type_action`.*, `equipment1`.*, `equipment2`.*, `process_state`.*, `location`.*, `dependency`.*, `history_change`.`id` as `id`, `user`.`name` as `user`, `technician`.`name` as `technician`, `location`.`name` as `location_id`, `dependency`.`name` as `dependency`, `equipment1`.`number_active` as `number_active1`, `equipment1`.`model` as `model1`, `equipment_type1`.`name` as `type1`, `brand1`.`name` as `brand1`, `equipment2`.`number_active` as `number_active2`, `equipment2`.`model` as `model2`, `equipment_type2`.`name` as `type2`, `brand2`.`name` as `brand2`, `process_state`.`name` as `process`, `type_action`.`name` as `action` from `history_change` inner join `type_action` on `history_change`.`type_action_id` = `type_action`.`id` inner join `equipment` as `equipment1` on `history_change`.`equipment_id` = `equipment1`.`id` inner join `equipment_type` as `equipment_type1` on `equipment1`.`equipment_type_id` = `equipment_type1`.`id` inner join `brand` as `brand1` on `equipment1`.`brand_id` = `brand1`.`id` inner join `equipment` as `equipment2` on `history_change`.`equipment_used_in_id` = `equipment2`.`id` inner join `equipment_type` as `equipment_type2` on `equipment2`.`equipment_type_id` = `equipment_type2`.`id` inner join `brand` as `brand2` on `equipment2`.`brand_id` = `brand2`.`id` inner join `process_state` on `history_change`.`state_id` = `process_state`.`id` inner join `location` on `history_change`.`location_id` = `location`.`id` inner join `dependency` on `history_change`.`dependency_id` = `dependency`.`id` inner join `history_user_detail` on `history_user_detail`.`history_change_id` = `history_change`.`id` where `history_change`.`deleted_at` is null order by `history_change`.`id` desc limit 10 offset 0) {"exception":"[object] (Illuminate\\Database\\QueryException(code: 42S22): SQLSTATE[42S22]: Column not found: 1054 Unknown column 'user.name' in 'field list' (Connection: mysql, SQL: select `history_change`.*, `type_action`.*, `equipment1`.*, `equipment2`.*, `process_state`.*, `location`.*, `dependency`.*, `history_change`.`id` as `id`, `user`.`name` as `user`, `technician`.`name` as `technician`, `location`.`name` as `location_id`, `dependency`.`name` as `dependency`, `equipment1`.`number_active` as `number_active1`, `equipment1`.`model` as `model1`, `equipment_type1`.`name` as `type1`, `brand1`.`name` as `brand1`, `equipment2`.`number_active` as `number_active2`, `equipment2`.`model` as `model2`, `equipment_type2`.`name` as `type2`, `brand2`.`name` as `brand2`, `process_state`.`name` as `process`, `type_action`.`name` as `action` from `history_change` inner join `type_action` on `history_change`.`type_action_id` = `type_action`.`id` inner join `equipment` as `equipment1` on `history_change`.`equipment_id` = `equipment1`.`id` inner join `equipment_type` as `equipment_type1` on `equipment1`.`equipment_type_id` = `equipment_type1`.`id` inner join `brand` as `brand1` on `equipment1`.`brand_id` = `brand1`.`id` inner join `equipment` as `equipment2` on `history_change`.`equipment_used_in_id` = `equipment2`.`id` inner join `equipment_type` as `equipment_type2` on `equipment2`.`equipment_type_id` = `equipment_type2`.`id` inner join `brand` as `brand2` on `equipment2`.`brand_id` = `brand2`.`id` inner join `process_state` on `history_change`.`state_id` = `process_state`.`id` inner join `location` on `history_change`.`location_id` = `location`.`id` inner join `dependency` on `history_change`.`dependency_id` = `dependency`.`id` inner join `history_user_detail` on `history_user_detail`.`history_change_id` = `history_change`.`id` where `history_change`.`deleted_at` is null order by `history_change`.`id` desc limit 10 offset 0) at C:\\Users\\user\\Desktop\\SistemaInventario\\inventario\\backend\\vendor\\laravel\\framework\\src\\Illuminate\\Database\\Connection.php:829)
[stacktrace]
#0 C:\\Users\\user\\Desktop\\SistemaInventario\\inventario\\backend\\vendor\\laravel\\framework\\src\\Illuminate\\Database\\Connection.php(783): Illuminate\\Database\\Connection->runQueryCallback('select `history...', Array, Object(Closure))
#1 C:\\Users\\user\\Desktop\\SistemaInventario\\inventario\\backend\\vendor\\laravel\\framework\\src\\Illuminate\\Database\\Connection.php(414): Illuminate\\Database\\Connection->run('select `history...', Array, Object(Closure))
#2 C:\\Users\\user\\Desktop\\SistemaInventario\\inventario\\backend\\vendor\\laravel\\framework\\src\\Illuminate\\Database\\Query\\Builder.php(2871): Illuminate\\Database\\Connection->select('select `history...', Array, true)
#3 C:\\Users\\user\\Desktop\\SistemaInventario\\inventario\\backend\\vendor\\laravel\\framework\\src\\Illuminate\\Database\\Query\\Builder.php(2860): Illuminate\\Database\\Query\\Builder->runSelect()
#4 C:\\Users\\user\\Desktop\\SistemaInventario\\inventario\\backend\\vendor\\laravel\\framework\\src\\Illuminate\\Database\\Query\\Builder.php(3414): Illuminate\\Database\\Query\\Builder->Illuminate\\Database\\Query\\{closure}()
#5 C:\\Users\\user\\Desktop\\SistemaInventario\\inventario\\backend\\vendor\\laravel\\framework\\src\\Illuminate\\Database\\Query\\Builder.php(2859): Illuminate\\Database\\Query\\Builder->onceWithColumns(Array, Object(Closure))
#6 C:\\Users\\user\\Desktop\\SistemaInventario\\inventario\\backend\\vendor\\laravel\\framework\\src\\Illuminate\\Database\\Eloquent\\Builder.php(738): Illuminate\\Database\\Query\\Builder->get(Array)
#7 C:\\Users\\user\\Desktop\\SistemaInventario\\inventario\\backend\\vendor\\laravel\\framework\\src\\Illuminate\\Database\\Eloquent\\Builder.php(722): Illuminate\\Database\\Eloquent\\Builder->getModels(Array)
#8 C:\\Users\\user\\Desktop\\SistemaInventario\\inventario\\backend\\app\\Models\\HistoryChange.php(140): Illuminate\\Database\\Eloquent\\Builder->get()
#9 C:\\Users\\user\\Desktop\\SistemaInventario\\inventario\\backend\\app\\Http\\Controllers\\HistoryChangeController.php(40): App\\Models\\HistoryChange::allDataSearched('%%', 'id', 'desc', 0, 10)
#10 C:\\Users\\user\\Desktop\\SistemaInventario\\inventario\\backend\\vendor\\laravel\\framework\\src\\Illuminate\\Routing\\Controller.php(54): App\\Http\\Controllers\\HistoryChangeController->index(Object(Illuminate\\Http\\Request))
#11 C:\\Users\\user\\Desktop\\SistemaInventario\\inventario\\backend\\vendor\\laravel\\framework\\src\\Illuminate\\Routing\\ControllerDispatcher.php(43): Illuminate\\Routing\\Controller->callAction('index', Array)
#12 C:\\Users\\user\\Desktop\\SistemaInventario\\inventario\\backend\\vendor\\laravel\\framework\\src\\Illuminate\\Routing\\Route.php(259): Illuminate\\Routing\\ControllerDispatcher->dispatch(Object(Illuminate\\Routing\\Route), Object(App\\Http\\Controllers\\HistoryChangeController), 'index')
#13 C:\\Users\\user\\Desktop\\SistemaInventario\\inventario\\backend\\vendor\\laravel\\framework\\src\\Illuminate\\Routing\\Route.php(205): Illuminate\\Routing\\Route->runController()
#14 C:\\Users\\user\\Desktop\\SistemaInventario\\inventario\\backend\\vendor\\laravel\\framework\\src\\Illuminate\\Routing\\Router.php(806): Illuminate\\Routing\\Route->run()
#15 C:\\Users\\user\\Desktop\\SistemaInventario\\inventario\\backend\\vendor\\laravel\\framework\\src\\Illuminate\\Pipeline\\Pipeline.php(144): Illuminate\\Routing\\Router->Illuminate\\Routing\\{closure}(Object(Illuminate\\Http\\Request))
#16 C:\\Users\\user\\Desktop\\SistemaInventario\\inventario\\backend\\vendor\\laravel\\framework\\src\\Illuminate\\Routing\\Middleware\\SubstituteBindings.php(50): Illuminate\\Pipeline\\Pipeline->Illuminate\\Pipeline\\{closure}(Object(Illuminate\\Http\\Request))
#17 C:\\Users\\user\\Desktop\\SistemaInventario\\inventario\\backend\\vendor\\laravel\\framework\\src\\Illuminate\\Pipeline\\Pipeline.php(183): Illuminate\\Routing\\Middleware\\SubstituteBindings->handle(Object(Illuminate\\Http\\Request), Object(Closure))
#18 C:\\Users\\user\\Desktop\\SistemaInventario\\inventario\\backend\\vendor\\laravel\\framework\\src\\Illuminate\\Routing\\Middleware\\ThrottleRequests.php(159): Illuminate\\Pipeline\\Pipeline->Illuminate\\Pipeline\\{closure}(Object(Illuminate\\Http\\Request))
#19 C:\\Users\\user\\Desktop\\SistemaInventario\\inventario\\backend\\vendor\\laravel\\framework\\src\\Illuminate\\Routing\\Middleware\\ThrottleRequests.php(125): Illuminate\\Routing\\Middleware\\ThrottleRequests->handleRequest(Object(Illuminate\\Http\\Request), Object(Closure), Array)
#20 C:\\Users\\user\\Desktop\\SistemaInventario\\inventario\\backend\\vendor\\laravel\\framework\\src\\Illuminate\\Routing\\Middleware\\ThrottleRequests.php(87): Illuminate\\Routing\\Middleware\\ThrottleRequests->handleRequestUsingNamedLimiter(Object(Illuminate\\Http\\Request), Object(Closure), 'api', Object(Closure))
#21 C:\\Users\\user\\Desktop\\SistemaInventario\\inventario\\backend\\vendor\\laravel\\framework\\src\\Illuminate\\Pipeline\\Pipeline.php(183): Illuminate\\Routing\\Middleware\\ThrottleRequests->handle(Object(Illuminate\\Http\\Request), Object(Closure), 'api')
#22 C:\\Users\\user\\Desktop\\SistemaInventario\\inventario\\backend\\vendor\\laravel\\framework\\src\\Illuminate\\Pipeline\\Pipeline.php(119): Illuminate\\Pipeline\\Pipeline->Illuminate\\Pipeline\\{closure}(Object(Illuminate\\Http\\Request))
#23 C:\\Users\\user\\Desktop\\SistemaInventario\\inventario\\backend\\vendor\\laravel\\framework\\src\\Illuminate\\Routing\\Router.php(805): Illuminate\\Pipeline\\Pipeline->then(Object(Closure))
#24 C:\\Users\\user\\Desktop\\SistemaInventario\\inventario\\backend\\vendor\\laravel\\framework\\src\\Illuminate\\Routing\\Router.php(784): Illuminate\\Routing\\Router->runRouteWithinStack(Object(Illuminate\\Routing\\Route), Object(Illuminate\\Http\\Request))
#25 C:\\Users\\user\\Desktop\\SistemaInventario\\inventario\\backend\\vendor\\laravel\\framework\\src\\Illuminate\\Routing\\Router.php(748): Illuminate\\Routing\\Router->runRoute(Object(Illuminate\\Http\\Request), Object(Illuminate\\Routing\\Route))
#26 C:\\Users\\user\\Desktop\\SistemaInventario\\inventario\\backend\\vendor\\laravel\\framework\\src\\Illuminate\\Routing\\Router.php(737): Illuminate\\Routing\\Router->dispatchToRoute(Object(Illuminate\\Http\\Request))
#27 C:\\Users\\user\\Desktop\\SistemaInventario\\inventario\\backend\\vendor\\laravel\\framework\\src\\Illuminate\\Foundation\\Http\\Kernel.php(200): Illuminate\\Routing\\Router->dispatch(Object(Illuminate\\Http\\Request))
#28 C:\\Users\\user\\Desktop\\SistemaInventario\\inventario\\backend\\vendor\\laravel\\framework\\src\\Illuminate\\Pipeline\\Pipeline.php(144): Illuminate\\Foundation\\Http\\Kernel->Illuminate\\Foundation\\Http\\{closure}(Object(Illuminate\\Http\\Request))
#29 C:\\Users\\user\\Desktop\\SistemaInventario\\inventario\\backend\\vendor\\laravel\\framework\\src\\Illuminate\\Foundation\\Http\\Middleware\\TransformsRequest.php(21): Illuminate\\Pipeline\\Pipeline->Illuminate\\Pipeline\\{closure}(Object(Illuminate\\Http\\Request))
#30 C:\\Users\\user\\Desktop\\SistemaInventario\\inventario\\backend\\vendor\\laravel\\framework\\src\\Illuminate\\Foundation\\Http\\Middleware\\ConvertEmptyStringsToNull.php(31): Illuminate\\Foundation\\Http\\Middleware\\TransformsRequest->handle(Object(Illuminate\\Http\\Request), Object(Closure))
#31 C:\\Users\\user\\Desktop\\SistemaInventario\\inventario\\backend\\vendor\\laravel\\framework\\src\\Illuminate\\Pipeline\\Pipeline.php(183): Illuminate\\Foundation\\Http\\Middleware\\ConvertEmptyStringsToNull->handle(Object(Illuminate\\Http\\Request), Object(Closure))
#32 C:\\Users\\user\\Desktop\\SistemaInventario\\inventario\\backend\\vendor\\laravel\\framework\\src\\Illuminate\\Foundation\\Http\\Middleware\\TransformsRequest.php(21): Illuminate\\Pipeline\\Pipeline->Illuminate\\Pipeline\\{closure}(Object(Illuminate\\Http\\Request))
#33 C:\\Users\\user\\Desktop\\SistemaInventario\\inventario\\backend\\vendor\\laravel\\framework\\src\\Illuminate\\Foundation\\Http\\Middleware\\TrimStrings.php(40): Illuminate\\Foundation\\Http\\Middleware\\TransformsRequest->handle(Object(Illuminate\\Http\\Request), Object(Closure))
#34 C:\\Users\\user\\Desktop\\SistemaInventario\\inventario\\backend\\vendor\\laravel\\framework\\src\\Illuminate\\Pipeline\\Pipeline.php(183): Illuminate\\Foundation\\Http\\Middleware\\TrimStrings->handle(Object(Illuminate\\Http\\Request), Object(Closure))
#35 C:\\Users\\user\\Desktop\\SistemaInventario\\inventario\\backend\\vendor\\laravel\\framework\\src\\Illuminate\\Foundation\\Http\\Middleware\\ValidatePostSize.php(27): Illuminate\\Pipeline\\Pipeline->Illuminate\\Pipeline\\{closure}(Object(Illuminate\\Http\\Request))
#36 C:\\Users\\user\\Desktop\\SistemaInventario\\inventario\\backend\\vendor\\laravel\\framework\\src\\Illuminate\\Pipeline\\Pipeline.php(183): Illuminate\\Foundation\\Http\\Middleware\\ValidatePostSize->handle(Object(Illuminate\\Http\\Request), Object(Closure))
#37 C:\\Users\\user\\Desktop\\SistemaInventario\\inventario\\backend\\vendor\\laravel\\framework\\src\\Illuminate\\Foundation\\Http\\Middleware\\PreventRequestsDuringMaintenance.php(99): Illuminate\\Pipeline\\Pipeline->Illuminate\\Pipeline\\{closure}(Object(Illuminate\\Http\\Request))
#38 C:\\Users\\user\\Desktop\\SistemaInventario\\inventario\\backend\\vendor\\laravel\\framework\\src\\Illuminate\\Pipeline\\Pipeline.php(183): Illuminate\\Foundation\\Http\\Middleware\\PreventRequestsDuringMaintenance->handle(Object(Illuminate\\Http\\Request), Object(Closure))
#39 C:\\Users\\user\\Desktop\\SistemaInventario\\inventario\\backend\\vendor\\laravel\\framework\\src\\Illuminate\\Http\\Middleware\\HandleCors.php(62): Illuminate\\Pipeline\\Pipeline->Illuminate\\Pipeline\\{closure}(Object(Illuminate\\Http\\Request))
#40 C:\\Users\\user\\Desktop\\SistemaInventario\\inventario\\backend\\vendor\\laravel\\framework\\src\\Illuminate\\Pipeline\\Pipeline.php(183): Illuminate\\Http\\Middleware\\HandleCors->handle(Object(Illuminate\\Http\\Request), Object(Closure))
#41 C:\\Users\\user\\Desktop\\SistemaInventario\\inventario\\backend\\vendor\\laravel\\framework\\src\\Illuminate\\Http\\Middleware\\TrustProxies.php(39): Illuminate\\Pipeline\\Pipeline->Illuminate\\Pipeline\\{closure}(Object(Illuminate\\Http\\Request))
#42 C:\\Users\\user\\Desktop\\SistemaInventario\\inventario\\backend\\vendor\\laravel\\framework\\src\\Illuminate\\Pipeline\\Pipeline.php(183): Illuminate\\Http\\Middleware\\TrustProxies->handle(Object(Illuminate\\Http\\Request), Object(Closure))
#43 C:\\Users\\user\\Desktop\\SistemaInventario\\inventario\\backend\\vendor\\laravel\\framework\\src\\Illuminate\\Pipeline\\Pipeline.php(119): Illuminate\\Pipeline\\Pipeline->Illuminate\\Pipeline\\{closure}(Object(Illuminate\\Http\\Request))
#44 C:\\Users\\user\\Desktop\\SistemaInventario\\inventario\\backend\\vendor\\laravel\\framework\\src\\Illuminate\\Foundation\\Http\\Kernel.php(175): Illuminate\\Pipeline\\Pipeline->then(Object(Closure))
#45 C:\\Users\\user\\Desktop\\SistemaInventario\\inventario\\backend\\vendor\\laravel\\framework\\src\\Illuminate\\Foundation\\Http\\Kernel.php(144): Illuminate\\Foundation\\Http\\Kernel->sendRequestThroughRouter(Object(Illuminate\\Http\\Request))
#46 C:\\Users\\user\\Desktop\\SistemaInventario\\inventario\\backend\\public\\index.php(51): Illuminate\\Foundation\\Http\\Kernel->handle(Object(Illuminate\\Http\\Request))
#47 C:\\Users\\user\\Desktop\\SistemaInventario\\inventario\\backend\\vendor\\laravel\\framework\\src\\Illuminate\\Foundation\\resources\\server.php(16): require_once('C:\\\\Users\\\\user\\\\D...')
#48 {main}

[previous exception] [object] (PDOException(code: 42S22): SQLSTATE[42S22]: Column not found: 1054 Unknown column 'user.name' in 'field list' at C:\\Users\\user\\Desktop\\SistemaInventario\\inventario\\backend\\vendor\\laravel\\framework\\src\\Illuminate\\Database\\Connection.php:423)
[stacktrace]
#0 C:\\Users\\user\\Desktop\\SistemaInventario\\inventario\\backend\\vendor\\laravel\\framework\\src\\Illuminate\\Database\\Connection.php(423): PDO->prepare('select `history...')
#1 C:\\Users\\user\\Desktop\\SistemaInventario\\inventario\\backend\\vendor\\laravel\\framework\\src\\Illuminate\\Database\\Connection.php(816): Illuminate\\Database\\Connection->Illuminate\\Database\\{closure}('select `history...', Array)
#2 C:\\Users\\user\\Desktop\\SistemaInventario\\inventario\\backend\\vendor\\laravel\\framework\\src\\Illuminate\\Database\\Connection.php(783): Illuminate\\Database\\Connection->runQueryCallback('select `history...', Array, Object(Closure))
#3 C:\\Users\\user\\Desktop\\SistemaInventario\\inventario\\backend\\vendor\\laravel\\framework\\src\\Illuminate\\Database\\Connection.php(414): Illuminate\\Database\\Connection->run('select `history...', Array, Object(Closure))
#4 C:\\Users\\user\\Desktop\\SistemaInventario\\inventario\\backend\\vendor\\laravel\\framework\\src\\Illuminate\\Database\\Query\\Builder.php(2871): Illuminate\\Database\\Connection->select('select `history...', Array, true)
#5 C:\\Users\\user\\Desktop\\SistemaInventario\\inventario\\backend\\vendor\\laravel\\framework\\src\\Illuminate\\Database\\Query\\Builder.php(2860): Illuminate\\Database\\Query\\Builder->runSelect()
#6 C:\\Users\\user\\Desktop\\SistemaInventario\\inventario\\backend\\vendor\\laravel\\framework\\src\\Illuminate\\Database\\Query\\Builder.php(3414): Illuminate\\Database\\Query\\Builder->Illuminate\\Database\\Query\\{closure}()
#7 C:\\Users\\user\\Desktop\\SistemaInventario\\inventario\\backend\\vendor\\laravel\\framework\\src\\Illuminate\\Database\\Query\\Builder.php(2859): Illuminate\\Database\\Query\\Builder->onceWithColumns(Array, Object(Closure))
#8 C:\\Users\\user\\Desktop\\SistemaInventario\\inventario\\backend\\vendor\\laravel\\framework\\src\\Illuminate\\Database\\Eloquent\\Builder.php(738): Illuminate\\Database\\Query\\Builder->get(Array)
#9 C:\\Users\\user\\Desktop\\SistemaInventario\\inventario\\backend\\vendor\\laravel\\framework\\src\\Illuminate\\Database\\Eloquent\\Builder.php(722): Illuminate\\Database\\Eloquent\\Builder->getModels(Array)
#10 C:\\Users\\user\\Desktop\\SistemaInventario\\inventario\\backend\\app\\Models\\HistoryChange.php(140): Illuminate\\Database\\Eloquent\\Builder->get()
#11 C:\\Users\\user\\Desktop\\SistemaInventario\\inventario\\backend\\app\\Http\\Controllers\\HistoryChangeController.php(40): App\\Models\\HistoryChange::allDataSearched('%%', 'id', 'desc', 0, 10)
#12 C:\\Users\\user\\Desktop\\SistemaInventario\\inventario\\backend\\vendor\\laravel\\framework\\src\\Illuminate\\Routing\\Controller.php(54): App\\Http\\Controllers\\HistoryChangeController->index(Object(Illuminate\\Http\\Request))
#13 C:\\Users\\user\\Desktop\\SistemaInventario\\inventario\\backend\\vendor\\laravel\\framework\\src\\Illuminate\\Routing\\ControllerDispatcher.php(43): Illuminate\\Routing\\Controller->callAction('index', Array)
#14 C:\\Users\\user\\Desktop\\SistemaInventario\\inventario\\backend\\vendor\\laravel\\framework\\src\\Illuminate\\Routing\\Route.php(259): Illuminate\\Routing\\ControllerDispatcher->dispatch(Object(Illuminate\\Routing\\Route), Object(App\\Http\\Controllers\\HistoryChangeController), 'index')
#15 C:\\Users\\user\\Desktop\\SistemaInventario\\inventario\\backend\\vendor\\laravel\\framework\\src\\Illuminate\\Routing\\Route.php(205): Illuminate\\Routing\\Route->runController()
#16 C:\\Users\\user\\Desktop\\SistemaInventario\\inventario\\backend\\vendor\\laravel\\framework\\src\\Illuminate\\Routing\\Router.php(806): Illuminate\\Routing\\Route->run()
#17 C:\\Users\\user\\Desktop\\SistemaInventario\\inventario\\backend\\vendor\\laravel\\framework\\src\\Illuminate\\Pipeline\\Pipeline.php(144): Illuminate\\Routing\\Router->Illuminate\\Routing\\{closure}(Object(Illuminate\\Http\\Request))
#18 C:\\Users\\user\\Desktop\\SistemaInventario\\inventario\\backend\\vendor\\laravel\\framework\\src\\Illuminate\\Routing\\Middleware\\SubstituteBindings.php(50): Illuminate\\Pipeline\\Pipeline->Illuminate\\Pipeline\\{closure}(Object(Illuminate\\Http\\Request))
#19 C:\\Users\\user\\Desktop\\SistemaInventario\\inventario\\backend\\vendor\\laravel\\framework\\src\\Illuminate\\Pipeline\\Pipeline.php(183): Illuminate\\Routing\\Middleware\\SubstituteBindings->handle(Object(Illuminate\\Http\\Request), Object(Closure))
#20 C:\\Users\\user\\Desktop\\SistemaInventario\\inventario\\backend\\vendor\\laravel\\framework\\src\\Illuminate\\Routing\\Middleware\\ThrottleRequests.php(159): Illuminate\\Pipeline\\Pipeline->Illuminate\\Pipeline\\{closure}(Object(Illuminate\\Http\\Request))
#21 C:\\Users\\user\\Desktop\\SistemaInventario\\inventario\\backend\\vendor\\laravel\\framework\\src\\Illuminate\\Routing\\Middleware\\ThrottleRequests.php(125): Illuminate\\Routing\\Middleware\\ThrottleRequests->handleRequest(Object(Illuminate\\Http\\Request), Object(Closure), Array)
#22 C:\\Users\\user\\Desktop\\SistemaInventario\\inventario\\backend\\vendor\\laravel\\framework\\src\\Illuminate\\Routing\\Middleware\\ThrottleRequests.php(87): Illuminate\\Routing\\Middleware\\ThrottleRequests->handleRequestUsingNamedLimiter(Object(Illuminate\\Http\\Request), Object(Closure), 'api', Object(Closure))
#23 C:\\Users\\user\\Desktop\\SistemaInventario\\inventario\\backend\\vendor\\laravel\\framework\\src\\Illuminate\\Pipeline\\Pipeline.php(183): Illuminate\\Routing\\Middleware\\ThrottleRequests->handle(Object(Illuminate\\Http\\Request), Object(Closure), 'api')
#24 C:\\Users\\user\\Desktop\\SistemaInventario\\inventario\\backend\\vendor\\laravel\\framework\\src\\Illuminate\\Pipeline\\Pipeline.php(119): Illuminate\\Pipeline\\Pipeline->Illuminate\\Pipeline\\{closure}(Object(Illuminate\\Http\\Request))
#25 C:\\Users\\user\\Desktop\\SistemaInventario\\inventario\\backend\\vendor\\laravel\\framework\\src\\Illuminate\\Routing\\Router.php(805): Illuminate\\Pipeline\\Pipeline->then(Object(Closure))
#26 C:\\Users\\user\\Desktop\\SistemaInventario\\inventario\\backend\\vendor\\laravel\\framework\\src\\Illuminate\\Routing\\Router.php(784): Illuminate\\Routing\\Router->runRouteWithinStack(Object(Illuminate\\Routing\\Route), Object(Illuminate\\Http\\Request))
#27 C:\\Users\\user\\Desktop\\SistemaInventario\\inventario\\backend\\vendor\\laravel\\framework\\src\\Illuminate\\Routing\\Router.php(748): Illuminate\\Routing\\Router->runRoute(Object(Illuminate\\Http\\Request), Object(Illuminate\\Routing\\Route))
#28 C:\\Users\\user\\Desktop\\SistemaInventario\\inventario\\backend\\vendor\\laravel\\framework\\src\\Illuminate\\Routing\\Router.php(737): Illuminate\\Routing\\Router->dispatchToRoute(Object(Illuminate\\Http\\Request))
#29 C:\\Users\\user\\Desktop\\SistemaInventario\\inventario\\backend\\vendor\\laravel\\framework\\src\\Illuminate\\Foundation\\Http\\Kernel.php(200): Illuminate\\Routing\\Router->dispatch(Object(Illuminate\\Http\\Request))
#30 C:\\Users\\user\\Desktop\\SistemaInventario\\inventario\\backend\\vendor\\laravel\\framework\\src\\Illuminate\\Pipeline\\Pipeline.php(144): Illuminate\\Foundation\\Http\\Kernel->Illuminate\\Foundation\\Http\\{closure}(Object(Illuminate\\Http\\Request))
#31 C:\\Users\\user\\Desktop\\SistemaInventario\\inventario\\backend\\vendor\\laravel\\framework\\src\\Illuminate\\Foundation\\Http\\Middleware\\TransformsRequest.php(21): Illuminate\\Pipeline\\Pipeline->Illuminate\\Pipeline\\{closure}(Object(Illuminate\\Http\\Request))
#32 C:\\Users\\user\\Desktop\\SistemaInventario\\inventario\\backend\\vendor\\laravel\\framework\\src\\Illuminate\\Foundation\\Http\\Middleware\\ConvertEmptyStringsToNull.php(31): Illuminate\\Foundation\\Http\\Middleware\\TransformsRequest->handle(Object(Illuminate\\Http\\Request), Object(Closure))
#33 C:\\Users\\user\\Desktop\\SistemaInventario\\inventario\\backend\\vendor\\laravel\\framework\\src\\Illuminate\\Pipeline\\Pipeline.php(183): Illuminate\\Foundation\\Http\\Middleware\\ConvertEmptyStringsToNull->handle(Object(Illuminate\\Http\\Request), Object(Closure))
#34 C:\\Users\\user\\Desktop\\SistemaInventario\\inventario\\backend\\vendor\\laravel\\framework\\src\\Illuminate\\Foundation\\Http\\Middleware\\TransformsRequest.php(21): Illuminate\\Pipeline\\Pipeline->Illuminate\\Pipeline\\{closure}(Object(Illuminate\\Http\\Request))
#35 C:\\Users\\user\\Desktop\\SistemaInventario\\inventario\\backend\\vendor\\laravel\\framework\\src\\Illuminate\\Foundation\\Http\\Middleware\\TrimStrings.php(40): Illuminate\\Foundation\\Http\\Middleware\\TransformsRequest->handle(Object(Illuminate\\Http\\Request), Object(Closure))
#36 C:\\Users\\user\\Desktop\\SistemaInventario\\inventario\\backend\\vendor\\laravel\\framework\\src\\Illuminate\\Pipeline\\Pipeline.php(183): Illuminate\\Foundation\\Http\\Middleware\\TrimStrings->handle(Object(Illuminate\\Http\\Request), Object(Closure))
#37 C:\\Users\\user\\Desktop\\SistemaInventario\\inventario\\backend\\vendor\\laravel\\framework\\src\\Illuminate\\Foundation\\Http\\Middleware\\ValidatePostSize.php(27): Illuminate\\Pipeline\\Pipeline->Illuminate\\Pipeline\\{closure}(Object(Illuminate\\Http\\Request))
#38 C:\\Users\\user\\Desktop\\SistemaInventario\\inventario\\backend\\vendor\\laravel\\framework\\src\\Illuminate\\Pipeline\\Pipeline.php(183): Illuminate\\Foundation\\Http\\Middleware\\ValidatePostSize->handle(Object(Illuminate\\Http\\Request), Object(Closure))
#39 C:\\Users\\user\\Desktop\\SistemaInventario\\inventario\\backend\\vendor\\laravel\\framework\\src\\Illuminate\\Foundation\\Http\\Middleware\\PreventRequestsDuringMaintenance.php(99): Illuminate\\Pipeline\\Pipeline->Illuminate\\Pipeline\\{closure}(Object(Illuminate\\Http\\Request))
#40 C:\\Users\\user\\Desktop\\SistemaInventario\\inventario\\backend\\vendor\\laravel\\framework\\src\\Illuminate\\Pipeline\\Pipeline.php(183): Illuminate\\Foundation\\Http\\Middleware\\PreventRequestsDuringMaintenance->handle(Object(Illuminate\\Http\\Request), Object(Closure))
#41 C:\\Users\\user\\Desktop\\SistemaInventario\\inventario\\backend\\vendor\\laravel\\framework\\src\\Illuminate\\Http\\Middleware\\HandleCors.php(62): Illuminate\\Pipeline\\Pipeline->Illuminate\\Pipeline\\{closure}(Object(Illuminate\\Http\\Request))
#42 C:\\Users\\user\\Desktop\\SistemaInventario\\inventario\\backend\\vendor\\laravel\\framework\\src\\Illuminate\\Pipeline\\Pipeline.php(183): Illuminate\\Http\\Middleware\\HandleCors->handle(Object(Illuminate\\Http\\Request), Object(Closure))
#43 C:\\Users\\user\\Desktop\\SistemaInventario\\inventario\\backend\\vendor\\laravel\\framework\\src\\Illuminate\\Http\\Middleware\\TrustProxies.php(39): Illuminate\\Pipeline\\Pipeline->Illuminate\\Pipeline\\{closure}(Object(Illuminate\\Http\\Request))
#44 C:\\Users\\user\\Desktop\\SistemaInventario\\inventario\\backend\\vendor\\laravel\\framework\\src\\Illuminate\\Pipeline\\Pipeline.php(183): Illuminate\\Http\\Middleware\\TrustProxies->handle(Object(Illuminate\\Http\\Request), Object(Closure))
#45 C:\\Users\\user\\Desktop\\SistemaInventario\\inventario\\backend\\vendor\\laravel\\framework\\src\\Illuminate\\Pipeline\\Pipeline.php(119): Illuminate\\Pipeline\\Pipeline->Illuminate\\Pipeline\\{closure}(Object(Illuminate\\Http\\Request))
#46 C:\\Users\\user\\Desktop\\SistemaInventario\\inventario\\backend\\vendor\\laravel\\framework\\src\\Illuminate\\Foundation\\Http\\Kernel.php(175): Illuminate\\Pipeline\\Pipeline->then(Object(Closure))
#47 C:\\Users\\user\\Desktop\\SistemaInventario\\inventario\\backend\\vendor\\laravel\\framework\\src\\Illuminate\\Foundation\\Http\\Kernel.php(144): Illuminate\\Foundation\\Http\\Kernel->sendRequestThroughRouter(Object(Illuminate\\Http\\Request))
#48 C:\\Users\\user\\Desktop\\SistemaInventario\\inventario\\backend\\public\\index.php(51): Illuminate\\Foundation\\Http\\Kernel->handle(Object(Illuminate\\Http\\Request))
#49 C:\\Users\\user\\Desktop\\SistemaInventario\\inventario\\backend\\vendor\\laravel\\framework\\src\\Illuminate\\Foundation\\resources\\server.php(16): require_once('C:\\\\Users\\\\user\\\\D...')
#50 {main}
"} 
[2024-04-30 20:25:51] local.INFO: %%  
[2024-04-30 20:26:28] local.INFO: %%  
[2024-04-30 20:26:45] local.INFO: array (
  'itemsPerPage' => '-1',
)  
[2024-04-30 20:26:46] local.INFO: %%  
[2024-04-30 20:27:43] local.INFO: %%  
[2024-04-30 20:27:43] local.ERROR: SQLSTATE[42S02]: Base table or view not found: 1051 Unknown table 'inventario_binaes.equipment2' (Connection: mysql, SQL: select `history_change`.*, `type_action`.*, `equipment1`.*, `equipment2`.*, `process_state`.*, `location`.*, `dependency`.*, `history_change`.`id` as `id`, `user`.`name` as `user`, `technician`.`name` as `technician`, `location`.`name` as `location_id`, `dependency`.`name` as `dependency`, `process_state`.`name` as `process`, `type_action`.`name` as `action` from `history_change` inner join `type_action` on `history_change`.`type_action_id` = `type_action`.`id` inner join `equipment` as `equipment1` on `history_change`.`equipment_id` = `equipment1`.`id` inner join `equipment_type` as `equipment_type1` on `equipment1`.`equipment_type_id` = `equipment_type1`.`id` inner join `brand` as `brand1` on `equipment1`.`brand_id` = `brand1`.`id` inner join `process_state` on `history_change`.`state_id` = `process_state`.`id` inner join `location` on `history_change`.`location_id` = `location`.`id` inner join `dependency` on `history_change`.`dependency_id` = `dependency`.`id` inner join `history_user_detail` on `history_user_detail`.`history_change_id` = `history_change`.`id` inner join `users` as `user` on `history_user_detail`.`user_id` = `user`.`id` inner join `users` as `technician` on `history_user_detail`.`user_tech_id` = `technician`.`id` where `location`.`name` like %% and `history_change`.`deleted_at` is null order by `history_change`.`id` desc limit 10 offset 0) {"exception":"[object] (Illuminate\\Database\\QueryException(code: 42S02): SQLSTATE[42S02]: Base table or view not found: 1051 Unknown table 'inventario_binaes.equipment2' (Connection: mysql, SQL: select `history_change`.*, `type_action`.*, `equipment1`.*, `equipment2`.*, `process_state`.*, `location`.*, `dependency`.*, `history_change`.`id` as `id`, `user`.`name` as `user`, `technician`.`name` as `technician`, `location`.`name` as `location_id`, `dependency`.`name` as `dependency`, `process_state`.`name` as `process`, `type_action`.`name` as `action` from `history_change` inner join `type_action` on `history_change`.`type_action_id` = `type_action`.`id` inner join `equipment` as `equipment1` on `history_change`.`equipment_id` = `equipment1`.`id` inner join `equipment_type` as `equipment_type1` on `equipment1`.`equipment_type_id` = `equipment_type1`.`id` inner join `brand` as `brand1` on `equipment1`.`brand_id` = `brand1`.`id` inner join `process_state` on `history_change`.`state_id` = `process_state`.`id` inner join `location` on `history_change`.`location_id` = `location`.`id` inner join `dependency` on `history_change`.`dependency_id` = `dependency`.`id` inner join `history_user_detail` on `history_user_detail`.`history_change_id` = `history_change`.`id` inner join `users` as `user` on `history_user_detail`.`user_id` = `user`.`id` inner join `users` as `technician` on `history_user_detail`.`user_tech_id` = `technician`.`id` where `location`.`name` like %% and `history_change`.`deleted_at` is null order by `history_change`.`id` desc limit 10 offset 0) at C:\\Users\\user\\Desktop\\SistemaInventario\\inventario\\backend\\vendor\\laravel\\framework\\src\\Illuminate\\Database\\Connection.php:829)
[stacktrace]
#0 C:\\Users\\user\\Desktop\\SistemaInventario\\inventario\\backend\\vendor\\laravel\\framework\\src\\Illuminate\\Database\\Connection.php(783): Illuminate\\Database\\Connection->runQueryCallback('select `history...', Array, Object(Closure))
#1 C:\\Users\\user\\Desktop\\SistemaInventario\\inventario\\backend\\vendor\\laravel\\framework\\src\\Illuminate\\Database\\Connection.php(414): Illuminate\\Database\\Connection->run('select `history...', Array, Object(Closure))
#2 C:\\Users\\user\\Desktop\\SistemaInventario\\inventario\\backend\\vendor\\laravel\\framework\\src\\Illuminate\\Database\\Query\\Builder.php(2871): Illuminate\\Database\\Connection->select('select `history...', Array, true)
#3 C:\\Users\\user\\Desktop\\SistemaInventario\\inventario\\backend\\vendor\\laravel\\framework\\src\\Illuminate\\Database\\Query\\Builder.php(2860): Illuminate\\Database\\Query\\Builder->runSelect()
#4 C:\\Users\\user\\Desktop\\SistemaInventario\\inventario\\backend\\vendor\\laravel\\framework\\src\\Illuminate\\Database\\Query\\Builder.php(3414): Illuminate\\Database\\Query\\Builder->Illuminate\\Database\\Query\\{closure}()
#5 C:\\Users\\user\\Desktop\\SistemaInventario\\inventario\\backend\\vendor\\laravel\\framework\\src\\Illuminate\\Database\\Query\\Builder.php(2859): Illuminate\\Database\\Query\\Builder->onceWithColumns(Array, Object(Closure))
#6 C:\\Users\\user\\Desktop\\SistemaInventario\\inventario\\backend\\vendor\\laravel\\framework\\src\\Illuminate\\Database\\Eloquent\\Builder.php(738): Illuminate\\Database\\Query\\Builder->get(Array)
#7 C:\\Users\\user\\Desktop\\SistemaInventario\\inventario\\backend\\vendor\\laravel\\framework\\src\\Illuminate\\Database\\Eloquent\\Builder.php(722): Illuminate\\Database\\Eloquent\\Builder->getModels(Array)
#8 C:\\Users\\user\\Desktop\\SistemaInventario\\inventario\\backend\\app\\Models\\HistoryChange.php(140): Illuminate\\Database\\Eloquent\\Builder->get()
#9 C:\\Users\\user\\Desktop\\SistemaInventario\\inventario\\backend\\app\\Http\\Controllers\\HistoryChangeController.php(40): App\\Models\\HistoryChange::allDataSearched('%%', 'id', 'desc', 0, 10)
#10 C:\\Users\\user\\Desktop\\SistemaInventario\\inventario\\backend\\vendor\\laravel\\framework\\src\\Illuminate\\Routing\\Controller.php(54): App\\Http\\Controllers\\HistoryChangeController->index(Object(Illuminate\\Http\\Request))
#11 C:\\Users\\user\\Desktop\\SistemaInventario\\inventario\\backend\\vendor\\laravel\\framework\\src\\Illuminate\\Routing\\ControllerDispatcher.php(43): Illuminate\\Routing\\Controller->callAction('index', Array)
#12 C:\\Users\\user\\Desktop\\SistemaInventario\\inventario\\backend\\vendor\\laravel\\framework\\src\\Illuminate\\Routing\\Route.php(259): Illuminate\\Routing\\ControllerDispatcher->dispatch(Object(Illuminate\\Routing\\Route), Object(App\\Http\\Controllers\\HistoryChangeController), 'index')
#13 C:\\Users\\user\\Desktop\\SistemaInventario\\inventario\\backend\\vendor\\laravel\\framework\\src\\Illuminate\\Routing\\Route.php(205): Illuminate\\Routing\\Route->runController()
#14 C:\\Users\\user\\Desktop\\SistemaInventario\\inventario\\backend\\vendor\\laravel\\framework\\src\\Illuminate\\Routing\\Router.php(806): Illuminate\\Routing\\Route->run()
#15 C:\\Users\\user\\Desktop\\SistemaInventario\\inventario\\backend\\vendor\\laravel\\framework\\src\\Illuminate\\Pipeline\\Pipeline.php(144): Illuminate\\Routing\\Router->Illuminate\\Routing\\{closure}(Object(Illuminate\\Http\\Request))
#16 C:\\Users\\user\\Desktop\\SistemaInventario\\inventario\\backend\\vendor\\laravel\\framework\\src\\Illuminate\\Routing\\Middleware\\SubstituteBindings.php(50): Illuminate\\Pipeline\\Pipeline->Illuminate\\Pipeline\\{closure}(Object(Illuminate\\Http\\Request))
#17 C:\\Users\\user\\Desktop\\SistemaInventario\\inventario\\backend\\vendor\\laravel\\framework\\src\\Illuminate\\Pipeline\\Pipeline.php(183): Illuminate\\Routing\\Middleware\\SubstituteBindings->handle(Object(Illuminate\\Http\\Request), Object(Closure))
#18 C:\\Users\\user\\Desktop\\SistemaInventario\\inventario\\backend\\vendor\\laravel\\framework\\src\\Illuminate\\Routing\\Middleware\\ThrottleRequests.php(159): Illuminate\\Pipeline\\Pipeline->Illuminate\\Pipeline\\{closure}(Object(Illuminate\\Http\\Request))
#19 C:\\Users\\user\\Desktop\\SistemaInventario\\inventario\\backend\\vendor\\laravel\\framework\\src\\Illuminate\\Routing\\Middleware\\ThrottleRequests.php(125): Illuminate\\Routing\\Middleware\\ThrottleRequests->handleRequest(Object(Illuminate\\Http\\Request), Object(Closure), Array)
#20 C:\\Users\\user\\Desktop\\SistemaInventario\\inventario\\backend\\vendor\\laravel\\framework\\src\\Illuminate\\Routing\\Middleware\\ThrottleRequests.php(87): Illuminate\\Routing\\Middleware\\ThrottleRequests->handleRequestUsingNamedLimiter(Object(Illuminate\\Http\\Request), Object(Closure), 'api', Object(Closure))
#21 C:\\Users\\user\\Desktop\\SistemaInventario\\inventario\\backend\\vendor\\laravel\\framework\\src\\Illuminate\\Pipeline\\Pipeline.php(183): Illuminate\\Routing\\Middleware\\ThrottleRequests->handle(Object(Illuminate\\Http\\Request), Object(Closure), 'api')
#22 C:\\Users\\user\\Desktop\\SistemaInventario\\inventario\\backend\\vendor\\laravel\\framework\\src\\Illuminate\\Pipeline\\Pipeline.php(119): Illuminate\\Pipeline\\Pipeline->Illuminate\\Pipeline\\{closure}(Object(Illuminate\\Http\\Request))
#23 C:\\Users\\user\\Desktop\\SistemaInventario\\inventario\\backend\\vendor\\laravel\\framework\\src\\Illuminate\\Routing\\Router.php(805): Illuminate\\Pipeline\\Pipeline->then(Object(Closure))
#24 C:\\Users\\user\\Desktop\\SistemaInventario\\inventario\\backend\\vendor\\laravel\\framework\\src\\Illuminate\\Routing\\Router.php(784): Illuminate\\Routing\\Router->runRouteWithinStack(Object(Illuminate\\Routing\\Route), Object(Illuminate\\Http\\Request))
#25 C:\\Users\\user\\Desktop\\SistemaInventario\\inventario\\backend\\vendor\\laravel\\framework\\src\\Illuminate\\Routing\\Router.php(748): Illuminate\\Routing\\Router->runRoute(Object(Illuminate\\Http\\Request), Object(Illuminate\\Routing\\Route))
#26 C:\\Users\\user\\Desktop\\SistemaInventario\\inventario\\backend\\vendor\\laravel\\framework\\src\\Illuminate\\Routing\\Router.php(737): Illuminate\\Routing\\Router->dispatchToRoute(Object(Illuminate\\Http\\Request))
#27 C:\\Users\\user\\Desktop\\SistemaInventario\\inventario\\backend\\vendor\\laravel\\framework\\src\\Illuminate\\Foundation\\Http\\Kernel.php(200): Illuminate\\Routing\\Router->dispatch(Object(Illuminate\\Http\\Request))
#28 C:\\Users\\user\\Desktop\\SistemaInventario\\inventario\\backend\\vendor\\laravel\\framework\\src\\Illuminate\\Pipeline\\Pipeline.php(144): Illuminate\\Foundation\\Http\\Kernel->Illuminate\\Foundation\\Http\\{closure}(Object(Illuminate\\Http\\Request))
#29 C:\\Users\\user\\Desktop\\SistemaInventario\\inventario\\backend\\vendor\\laravel\\framework\\src\\Illuminate\\Foundation\\Http\\Middleware\\TransformsRequest.php(21): Illuminate\\Pipeline\\Pipeline->Illuminate\\Pipeline\\{closure}(Object(Illuminate\\Http\\Request))
#30 C:\\Users\\user\\Desktop\\SistemaInventario\\inventario\\backend\\vendor\\laravel\\framework\\src\\Illuminate\\Foundation\\Http\\Middleware\\ConvertEmptyStringsToNull.php(31): Illuminate\\Foundation\\Http\\Middleware\\TransformsRequest->handle(Object(Illuminate\\Http\\Request), Object(Closure))
#31 C:\\Users\\user\\Desktop\\SistemaInventario\\inventario\\backend\\vendor\\laravel\\framework\\src\\Illuminate\\Pipeline\\Pipeline.php(183): Illuminate\\Foundation\\Http\\Middleware\\ConvertEmptyStringsToNull->handle(Object(Illuminate\\Http\\Request), Object(Closure))
#32 C:\\Users\\user\\Desktop\\SistemaInventario\\inventario\\backend\\vendor\\laravel\\framework\\src\\Illuminate\\Foundation\\Http\\Middleware\\TransformsRequest.php(21): Illuminate\\Pipeline\\Pipeline->Illuminate\\Pipeline\\{closure}(Object(Illuminate\\Http\\Request))
#33 C:\\Users\\user\\Desktop\\SistemaInventario\\inventario\\backend\\vendor\\laravel\\framework\\src\\Illuminate\\Foundation\\Http\\Middleware\\TrimStrings.php(40): Illuminate\\Foundation\\Http\\Middleware\\TransformsRequest->handle(Object(Illuminate\\Http\\Request), Object(Closure))
#34 C:\\Users\\user\\Desktop\\SistemaInventario\\inventario\\backend\\vendor\\laravel\\framework\\src\\Illuminate\\Pipeline\\Pipeline.php(183): Illuminate\\Foundation\\Http\\Middleware\\TrimStrings->handle(Object(Illuminate\\Http\\Request), Object(Closure))
#35 C:\\Users\\user\\Desktop\\SistemaInventario\\inventario\\backend\\vendor\\laravel\\framework\\src\\Illuminate\\Foundation\\Http\\Middleware\\ValidatePostSize.php(27): Illuminate\\Pipeline\\Pipeline->Illuminate\\Pipeline\\{closure}(Object(Illuminate\\Http\\Request))
#36 C:\\Users\\user\\Desktop\\SistemaInventario\\inventario\\backend\\vendor\\laravel\\framework\\src\\Illuminate\\Pipeline\\Pipeline.php(183): Illuminate\\Foundation\\Http\\Middleware\\ValidatePostSize->handle(Object(Illuminate\\Http\\Request), Object(Closure))
#37 C:\\Users\\user\\Desktop\\SistemaInventario\\inventario\\backend\\vendor\\laravel\\framework\\src\\Illuminate\\Foundation\\Http\\Middleware\\PreventRequestsDuringMaintenance.php(99): Illuminate\\Pipeline\\Pipeline->Illuminate\\Pipeline\\{closure}(Object(Illuminate\\Http\\Request))
#38 C:\\Users\\user\\Desktop\\SistemaInventario\\inventario\\backend\\vendor\\laravel\\framework\\src\\Illuminate\\Pipeline\\Pipeline.php(183): Illuminate\\Foundation\\Http\\Middleware\\PreventRequestsDuringMaintenance->handle(Object(Illuminate\\Http\\Request), Object(Closure))
#39 C:\\Users\\user\\Desktop\\SistemaInventario\\inventario\\backend\\vendor\\laravel\\framework\\src\\Illuminate\\Http\\Middleware\\HandleCors.php(62): Illuminate\\Pipeline\\Pipeline->Illuminate\\Pipeline\\{closure}(Object(Illuminate\\Http\\Request))
#40 C:\\Users\\user\\Desktop\\SistemaInventario\\inventario\\backend\\vendor\\laravel\\framework\\src\\Illuminate\\Pipeline\\Pipeline.php(183): Illuminate\\Http\\Middleware\\HandleCors->handle(Object(Illuminate\\Http\\Request), Object(Closure))
#41 C:\\Users\\user\\Desktop\\SistemaInventario\\inventario\\backend\\vendor\\laravel\\framework\\src\\Illuminate\\Http\\Middleware\\TrustProxies.php(39): Illuminate\\Pipeline\\Pipeline->Illuminate\\Pipeline\\{closure}(Object(Illuminate\\Http\\Request))
#42 C:\\Users\\user\\Desktop\\SistemaInventario\\inventario\\backend\\vendor\\laravel\\framework\\src\\Illuminate\\Pipeline\\Pipeline.php(183): Illuminate\\Http\\Middleware\\TrustProxies->handle(Object(Illuminate\\Http\\Request), Object(Closure))
#43 C:\\Users\\user\\Desktop\\SistemaInventario\\inventario\\backend\\vendor\\laravel\\framework\\src\\Illuminate\\Pipeline\\Pipeline.php(119): Illuminate\\Pipeline\\Pipeline->Illuminate\\Pipeline\\{closure}(Object(Illuminate\\Http\\Request))
#44 C:\\Users\\user\\Desktop\\SistemaInventario\\inventario\\backend\\vendor\\laravel\\framework\\src\\Illuminate\\Foundation\\Http\\Kernel.php(175): Illuminate\\Pipeline\\Pipeline->then(Object(Closure))
#45 C:\\Users\\user\\Desktop\\SistemaInventario\\inventario\\backend\\vendor\\laravel\\framework\\src\\Illuminate\\Foundation\\Http\\Kernel.php(144): Illuminate\\Foundation\\Http\\Kernel->sendRequestThroughRouter(Object(Illuminate\\Http\\Request))
#46 C:\\Users\\user\\Desktop\\SistemaInventario\\inventario\\backend\\public\\index.php(51): Illuminate\\Foundation\\Http\\Kernel->handle(Object(Illuminate\\Http\\Request))
#47 C:\\Users\\user\\Desktop\\SistemaInventario\\inventario\\backend\\vendor\\laravel\\framework\\src\\Illuminate\\Foundation\\resources\\server.php(16): require_once('C:\\\\Users\\\\user\\\\D...')
#48 {main}

[previous exception] [object] (PDOException(code: 42S02): SQLSTATE[42S02]: Base table or view not found: 1051 Unknown table 'inventario_binaes.equipment2' at C:\\Users\\user\\Desktop\\SistemaInventario\\inventario\\backend\\vendor\\laravel\\framework\\src\\Illuminate\\Database\\Connection.php:423)
[stacktrace]
#0 C:\\Users\\user\\Desktop\\SistemaInventario\\inventario\\backend\\vendor\\laravel\\framework\\src\\Illuminate\\Database\\Connection.php(423): PDO->prepare('select `history...')
#1 C:\\Users\\user\\Desktop\\SistemaInventario\\inventario\\backend\\vendor\\laravel\\framework\\src\\Illuminate\\Database\\Connection.php(816): Illuminate\\Database\\Connection->Illuminate\\Database\\{closure}('select `history...', Array)
#2 C:\\Users\\user\\Desktop\\SistemaInventario\\inventario\\backend\\vendor\\laravel\\framework\\src\\Illuminate\\Database\\Connection.php(783): Illuminate\\Database\\Connection->runQueryCallback('select `history...', Array, Object(Closure))
#3 C:\\Users\\user\\Desktop\\SistemaInventario\\inventario\\backend\\vendor\\laravel\\framework\\src\\Illuminate\\Database\\Connection.php(414): Illuminate\\Database\\Connection->run('select `history...', Array, Object(Closure))
#4 C:\\Users\\user\\Desktop\\SistemaInventario\\inventario\\backend\\vendor\\laravel\\framework\\src\\Illuminate\\Database\\Query\\Builder.php(2871): Illuminate\\Database\\Connection->select('select `history...', Array, true)
#5 C:\\Users\\user\\Desktop\\SistemaInventario\\inventario\\backend\\vendor\\laravel\\framework\\src\\Illuminate\\Database\\Query\\Builder.php(2860): Illuminate\\Database\\Query\\Builder->runSelect()
#6 C:\\Users\\user\\Desktop\\SistemaInventario\\inventario\\backend\\vendor\\laravel\\framework\\src\\Illuminate\\Database\\Query\\Builder.php(3414): Illuminate\\Database\\Query\\Builder->Illuminate\\Database\\Query\\{closure}()
#7 C:\\Users\\user\\Desktop\\SistemaInventario\\inventario\\backend\\vendor\\laravel\\framework\\src\\Illuminate\\Database\\Query\\Builder.php(2859): Illuminate\\Database\\Query\\Builder->onceWithColumns(Array, Object(Closure))
#8 C:\\Users\\user\\Desktop\\SistemaInventario\\inventario\\backend\\vendor\\laravel\\framework\\src\\Illuminate\\Database\\Eloquent\\Builder.php(738): Illuminate\\Database\\Query\\Builder->get(Array)
#9 C:\\Users\\user\\Desktop\\SistemaInventario\\inventario\\backend\\vendor\\laravel\\framework\\src\\Illuminate\\Database\\Eloquent\\Builder.php(722): Illuminate\\Database\\Eloquent\\Builder->getModels(Array)
#10 C:\\Users\\user\\Desktop\\SistemaInventario\\inventario\\backend\\app\\Models\\HistoryChange.php(140): Illuminate\\Database\\Eloquent\\Builder->get()
#11 C:\\Users\\user\\Desktop\\SistemaInventario\\inventario\\backend\\app\\Http\\Controllers\\HistoryChangeController.php(40): App\\Models\\HistoryChange::allDataSearched('%%', 'id', 'desc', 0, 10)
#12 C:\\Users\\user\\Desktop\\SistemaInventario\\inventario\\backend\\vendor\\laravel\\framework\\src\\Illuminate\\Routing\\Controller.php(54): App\\Http\\Controllers\\HistoryChangeController->index(Object(Illuminate\\Http\\Request))
#13 C:\\Users\\user\\Desktop\\SistemaInventario\\inventario\\backend\\vendor\\laravel\\framework\\src\\Illuminate\\Routing\\ControllerDispatcher.php(43): Illuminate\\Routing\\Controller->callAction('index', Array)
#14 C:\\Users\\user\\Desktop\\SistemaInventario\\inventario\\backend\\vendor\\laravel\\framework\\src\\Illuminate\\Routing\\Route.php(259): Illuminate\\Routing\\ControllerDispatcher->dispatch(Object(Illuminate\\Routing\\Route), Object(App\\Http\\Controllers\\HistoryChangeController), 'index')
#15 C:\\Users\\user\\Desktop\\SistemaInventario\\inventario\\backend\\vendor\\laravel\\framework\\src\\Illuminate\\Routing\\Route.php(205): Illuminate\\Routing\\Route->runController()
#16 C:\\Users\\user\\Desktop\\SistemaInventario\\inventario\\backend\\vendor\\laravel\\framework\\src\\Illuminate\\Routing\\Router.php(806): Illuminate\\Routing\\Route->run()
#17 C:\\Users\\user\\Desktop\\SistemaInventario\\inventario\\backend\\vendor\\laravel\\framework\\src\\Illuminate\\Pipeline\\Pipeline.php(144): Illuminate\\Routing\\Router->Illuminate\\Routing\\{closure}(Object(Illuminate\\Http\\Request))
#18 C:\\Users\\user\\Desktop\\SistemaInventario\\inventario\\backend\\vendor\\laravel\\framework\\src\\Illuminate\\Routing\\Middleware\\SubstituteBindings.php(50): Illuminate\\Pipeline\\Pipeline->Illuminate\\Pipeline\\{closure}(Object(Illuminate\\Http\\Request))
#19 C:\\Users\\user\\Desktop\\SistemaInventario\\inventario\\backend\\vendor\\laravel\\framework\\src\\Illuminate\\Pipeline\\Pipeline.php(183): Illuminate\\Routing\\Middleware\\SubstituteBindings->handle(Object(Illuminate\\Http\\Request), Object(Closure))
#20 C:\\Users\\user\\Desktop\\SistemaInventario\\inventario\\backend\\vendor\\laravel\\framework\\src\\Illuminate\\Routing\\Middleware\\ThrottleRequests.php(159): Illuminate\\Pipeline\\Pipeline->Illuminate\\Pipeline\\{closure}(Object(Illuminate\\Http\\Request))
#21 C:\\Users\\user\\Desktop\\SistemaInventario\\inventario\\backend\\vendor\\laravel\\framework\\src\\Illuminate\\Routing\\Middleware\\ThrottleRequests.php(125): Illuminate\\Routing\\Middleware\\ThrottleRequests->handleRequest(Object(Illuminate\\Http\\Request), Object(Closure), Array)
#22 C:\\Users\\user\\Desktop\\SistemaInventario\\inventario\\backend\\vendor\\laravel\\framework\\src\\Illuminate\\Routing\\Middleware\\ThrottleRequests.php(87): Illuminate\\Routing\\Middleware\\ThrottleRequests->handleRequestUsingNamedLimiter(Object(Illuminate\\Http\\Request), Object(Closure), 'api', Object(Closure))
#23 C:\\Users\\user\\Desktop\\SistemaInventario\\inventario\\backend\\vendor\\laravel\\framework\\src\\Illuminate\\Pipeline\\Pipeline.php(183): Illuminate\\Routing\\Middleware\\ThrottleRequests->handle(Object(Illuminate\\Http\\Request), Object(Closure), 'api')
#24 C:\\Users\\user\\Desktop\\SistemaInventario\\inventario\\backend\\vendor\\laravel\\framework\\src\\Illuminate\\Pipeline\\Pipeline.php(119): Illuminate\\Pipeline\\Pipeline->Illuminate\\Pipeline\\{closure}(Object(Illuminate\\Http\\Request))
#25 C:\\Users\\user\\Desktop\\SistemaInventario\\inventario\\backend\\vendor\\laravel\\framework\\src\\Illuminate\\Routing\\Router.php(805): Illuminate\\Pipeline\\Pipeline->then(Object(Closure))
#26 C:\\Users\\user\\Desktop\\SistemaInventario\\inventario\\backend\\vendor\\laravel\\framework\\src\\Illuminate\\Routing\\Router.php(784): Illuminate\\Routing\\Router->runRouteWithinStack(Object(Illuminate\\Routing\\Route), Object(Illuminate\\Http\\Request))
#27 C:\\Users\\user\\Desktop\\SistemaInventario\\inventario\\backend\\vendor\\laravel\\framework\\src\\Illuminate\\Routing\\Router.php(748): Illuminate\\Routing\\Router->runRoute(Object(Illuminate\\Http\\Request), Object(Illuminate\\Routing\\Route))
#28 C:\\Users\\user\\Desktop\\SistemaInventario\\inventario\\backend\\vendor\\laravel\\framework\\src\\Illuminate\\Routing\\Router.php(737): Illuminate\\Routing\\Router->dispatchToRoute(Object(Illuminate\\Http\\Request))
#29 C:\\Users\\user\\Desktop\\SistemaInventario\\inventario\\backend\\vendor\\laravel\\framework\\src\\Illuminate\\Foundation\\Http\\Kernel.php(200): Illuminate\\Routing\\Router->dispatch(Object(Illuminate\\Http\\Request))
#30 C:\\Users\\user\\Desktop\\SistemaInventario\\inventario\\backend\\vendor\\laravel\\framework\\src\\Illuminate\\Pipeline\\Pipeline.php(144): Illuminate\\Foundation\\Http\\Kernel->Illuminate\\Foundation\\Http\\{closure}(Object(Illuminate\\Http\\Request))
#31 C:\\Users\\user\\Desktop\\SistemaInventario\\inventario\\backend\\vendor\\laravel\\framework\\src\\Illuminate\\Foundation\\Http\\Middleware\\TransformsRequest.php(21): Illuminate\\Pipeline\\Pipeline->Illuminate\\Pipeline\\{closure}(Object(Illuminate\\Http\\Request))
#32 C:\\Users\\user\\Desktop\\SistemaInventario\\inventario\\backend\\vendor\\laravel\\framework\\src\\Illuminate\\Foundation\\Http\\Middleware\\ConvertEmptyStringsToNull.php(31): Illuminate\\Foundation\\Http\\Middleware\\TransformsRequest->handle(Object(Illuminate\\Http\\Request), Object(Closure))
#33 C:\\Users\\user\\Desktop\\SistemaInventario\\inventario\\backend\\vendor\\laravel\\framework\\src\\Illuminate\\Pipeline\\Pipeline.php(183): Illuminate\\Foundation\\Http\\Middleware\\ConvertEmptyStringsToNull->handle(Object(Illuminate\\Http\\Request), Object(Closure))
#34 C:\\Users\\user\\Desktop\\SistemaInventario\\inventario\\backend\\vendor\\laravel\\framework\\src\\Illuminate\\Foundation\\Http\\Middleware\\TransformsRequest.php(21): Illuminate\\Pipeline\\Pipeline->Illuminate\\Pipeline\\{closure}(Object(Illuminate\\Http\\Request))
#35 C:\\Users\\user\\Desktop\\SistemaInventario\\inventario\\backend\\vendor\\laravel\\framework\\src\\Illuminate\\Foundation\\Http\\Middleware\\TrimStrings.php(40): Illuminate\\Foundation\\Http\\Middleware\\TransformsRequest->handle(Object(Illuminate\\Http\\Request), Object(Closure))
#36 C:\\Users\\user\\Desktop\\SistemaInventario\\inventario\\backend\\vendor\\laravel\\framework\\src\\Illuminate\\Pipeline\\Pipeline.php(183): Illuminate\\Foundation\\Http\\Middleware\\TrimStrings->handle(Object(Illuminate\\Http\\Request), Object(Closure))
#37 C:\\Users\\user\\Desktop\\SistemaInventario\\inventario\\backend\\vendor\\laravel\\framework\\src\\Illuminate\\Foundation\\Http\\Middleware\\ValidatePostSize.php(27): Illuminate\\Pipeline\\Pipeline->Illuminate\\Pipeline\\{closure}(Object(Illuminate\\Http\\Request))
#38 C:\\Users\\user\\Desktop\\SistemaInventario\\inventario\\backend\\vendor\\laravel\\framework\\src\\Illuminate\\Pipeline\\Pipeline.php(183): Illuminate\\Foundation\\Http\\Middleware\\ValidatePostSize->handle(Object(Illuminate\\Http\\Request), Object(Closure))
#39 C:\\Users\\user\\Desktop\\SistemaInventario\\inventario\\backend\\vendor\\laravel\\framework\\src\\Illuminate\\Foundation\\Http\\Middleware\\PreventRequestsDuringMaintenance.php(99): Illuminate\\Pipeline\\Pipeline->Illuminate\\Pipeline\\{closure}(Object(Illuminate\\Http\\Request))
#40 C:\\Users\\user\\Desktop\\SistemaInventario\\inventario\\backend\\vendor\\laravel\\framework\\src\\Illuminate\\Pipeline\\Pipeline.php(183): Illuminate\\Foundation\\Http\\Middleware\\PreventRequestsDuringMaintenance->handle(Object(Illuminate\\Http\\Request), Object(Closure))
#41 C:\\Users\\user\\Desktop\\SistemaInventario\\inventario\\backend\\vendor\\laravel\\framework\\src\\Illuminate\\Http\\Middleware\\HandleCors.php(62): Illuminate\\Pipeline\\Pipeline->Illuminate\\Pipeline\\{closure}(Object(Illuminate\\Http\\Request))
#42 C:\\Users\\user\\Desktop\\SistemaInventario\\inventario\\backend\\vendor\\laravel\\framework\\src\\Illuminate\\Pipeline\\Pipeline.php(183): Illuminate\\Http\\Middleware\\HandleCors->handle(Object(Illuminate\\Http\\Request), Object(Closure))
#43 C:\\Users\\user\\Desktop\\SistemaInventario\\inventario\\backend\\vendor\\laravel\\framework\\src\\Illuminate\\Http\\Middleware\\TrustProxies.php(39): Illuminate\\Pipeline\\Pipeline->Illuminate\\Pipeline\\{closure}(Object(Illuminate\\Http\\Request))
#44 C:\\Users\\user\\Desktop\\SistemaInventario\\inventario\\backend\\vendor\\laravel\\framework\\src\\Illuminate\\Pipeline\\Pipeline.php(183): Illuminate\\Http\\Middleware\\TrustProxies->handle(Object(Illuminate\\Http\\Request), Object(Closure))
#45 C:\\Users\\user\\Desktop\\SistemaInventario\\inventario\\backend\\vendor\\laravel\\framework\\src\\Illuminate\\Pipeline\\Pipeline.php(119): Illuminate\\Pipeline\\Pipeline->Illuminate\\Pipeline\\{closure}(Object(Illuminate\\Http\\Request))
#46 C:\\Users\\user\\Desktop\\SistemaInventario\\inventario\\backend\\vendor\\laravel\\framework\\src\\Illuminate\\Foundation\\Http\\Kernel.php(175): Illuminate\\Pipeline\\Pipeline->then(Object(Closure))
#47 C:\\Users\\user\\Desktop\\SistemaInventario\\inventario\\backend\\vendor\\laravel\\framework\\src\\Illuminate\\Foundation\\Http\\Kernel.php(144): Illuminate\\Foundation\\Http\\Kernel->sendRequestThroughRouter(Object(Illuminate\\Http\\Request))
#48 C:\\Users\\user\\Desktop\\SistemaInventario\\inventario\\backend\\public\\index.php(51): Illuminate\\Foundation\\Http\\Kernel->handle(Object(Illuminate\\Http\\Request))
#49 C:\\Users\\user\\Desktop\\SistemaInventario\\inventario\\backend\\vendor\\laravel\\framework\\src\\Illuminate\\Foundation\\resources\\server.php(16): require_once('C:\\\\Users\\\\user\\\\D...')
#50 {main}
"} 
[2024-04-30 20:28:18] local.INFO: %%  
[2024-04-30 20:28:41] local.INFO: array (
  'itemsPerPage' => '-1',
)  
[2024-04-30 20:28:42] local.INFO: %%  
[2024-04-30 20:29:39] local.INFO: array (
  'itemsPerPage' => '-1',
)  
[2024-04-30 20:29:40] local.INFO: %%  
[2024-04-30 20:31:19] local.INFO: array (
  'itemsPerPage' => '-1',
)  
[2024-04-30 20:31:20] local.INFO: %%  
